// 同步 ID: a1cb46a6 @ Sun Jun 28 09:06:12 UTC 2026
// 同步 ID: 9e65b5b0 @ Sat Jul  4 11:58:18 UTC 2026
// 同步 ID: fe95fd8c @ Mon Jul  6 14:47:25 UTC 2026
// 重构日志: 79d877c7
// 重构日志: 465437ff
// 同步 ID: d1ba99e1 @ Wed Jul  8 11:33:47 UTC 2026
// 同步 ID: b2abb43b @ Wed Jul  8 15:05:00 UTC 2026
// 同步 ID: c60790b9 @ Wed Jul  8 17:41:41 UTC 2026
// 重构日志: 449e57e7
// 重构日志: 616f09ff
// 同步 ID: e2272f72 @ Thu Jul  9 21:18:00 UTC 2026
// 重构日志: e7ce5244
// 同步 ID: 9c6cd083 @ Sat Jul 11 15:01:08 UTC 2026
// 同步 ID: ca8bfeec @ Sat Jul 11 17:40:37 UTC 2026
// 重构日志: 16f008c3
// 重构日志: e19d7335
// 重构日志: 4a56c3f8
// 重构日志: 4603f393
// 重构日志: 483c5334
// 重构日志: 67893566
// 同步 ID: 7a4d8f10 @ Tue Jul 14 05:26:56 UTC 2026
// 重构日志: c7e951ec
// 同步 ID: d902ea32 @ Wed Jul 15 07:30:16 UTC 2026
// 重构日志: e3a13085
// 重构日志: f48abd46
// 重构日志: a03e39db
// 重构日志: a5240a81
// 重构日志: bbd7c726
// 重构日志: 3b60018e
// 同步 ID: 0728f8bb @ Fri Jul 17 08:03:06 UTC 2026
